<?xml version="1.0" encoding="UTF-8"?>
<testng-results ignored="0" total="1" passed="1" failed="0" skipped="0">
  <reporter-output>
  </reporter-output>
  <suite started-at="2022-02-13T10:49:15 GMT" name="Default suite" finished-at="2022-02-13T10:49:33 GMT" duration-ms="17654">
    <groups>
    </groups>
    <test started-at="2022-02-13T10:49:15 GMT" name="Default test" finished-at="2022-02-13T10:49:33 GMT" duration-ms="17654">
      <class name="epack.DemoTest">
        <test-method is-config="true" signature="configuration()[pri:0, instance:epack.DemoTest@446293d]" started-at="2022-02-13T10:49:16 GMT" name="configuration" finished-at="2022-02-13T10:49:17 GMT" duration-ms="1125" status="PASS">
          <reporter-output>
          </reporter-output>
        </test-method> <!-- configuration -->
        <test-method signature="testOne()[pri:0, instance:epack.DemoTest@446293d]" started-at="2022-02-13T10:49:17 GMT" name="testOne" finished-at="2022-02-13T10:49:32 GMT" duration-ms="15107" status="PASS">
          <reporter-output>
          </reporter-output>
        </test-method> <!-- testOne -->
        <test-method is-config="true" signature="tearDown()[pri:0, instance:epack.DemoTest@446293d]" started-at="2022-02-13T10:49:32 GMT" name="tearDown" finished-at="2022-02-13T10:49:33 GMT" duration-ms="1273" status="PASS">
          <reporter-output>
          </reporter-output>
        </test-method> <!-- tearDown -->
      </class> <!-- epack.DemoTest -->
    </test> <!-- Default test -->
  </suite> <!-- Default suite -->
</testng-results>
