<?xml version="1.0" encoding="UTF-8"?>
<testng-results ignored="0" total="1" passed="1" failed="0" skipped="0">
  <reporter-output>
  </reporter-output>
  <suite started-at="2022-04-09T17:52:00 BST" name="Default suite" finished-at="2022-04-09T17:52:25 BST" duration-ms="25111">
    <groups>
    </groups>
    <test started-at="2022-04-09T17:52:00 BST" name="Default test" finished-at="2022-04-09T17:52:25 BST" duration-ms="25111">
      <class name="tests.LoginTest">
        <test-method is-config="true" signature="openApplication()[pri:0, instance:tests.LoginTest@49912c99]" started-at="2022-04-09T17:52:00 BST" name="openApplication" finished-at="2022-04-09T17:52:15 BST" duration-ms="15127" status="PASS">
          <reporter-output>
          </reporter-output>
        </test-method> <!-- openApplication -->
        <test-method signature="login(java.lang.String,java.lang.String,java.lang.String)[pri:0, instance:tests.LoginTest@49912c99]" started-at="2022-04-09T17:52:15 BST" name="login" data-provider="getLoginData" finished-at="2022-04-09T17:52:24 BST" duration-ms="9090" status="PASS">
          <params>
            <param index="0">
              <value>
                <![CDATA[Rashidtfl2020@gmail.com]]>
              </value>
            </param>
            <param index="1">
              <value>
                <![CDATA[Xoriy@83]]>
              </value>
            </param>
            <param index="2">
              <value>
                <![CDATA[successfull]]>
              </value>
            </param>
          </params>
          <reporter-output>
          </reporter-output>
        </test-method> <!-- login -->
        <test-method is-config="true" signature="closure()[pri:0, instance:tests.LoginTest@49912c99]" started-at="2022-04-09T17:52:24 BST" name="closure" finished-at="2022-04-09T17:52:25 BST" duration-ms="807" status="PASS">
          <reporter-output>
          </reporter-output>
        </test-method> <!-- closure -->
      </class> <!-- tests.LoginTest -->
    </test> <!-- Default test -->
  </suite> <!-- Default suite -->
</testng-results>
