<?xml version="1.0" encoding="UTF-8"?>
<testng-results ignored="0" total="1" passed="1" failed="0" skipped="0">
  <reporter-output>
  </reporter-output>
  <suite started-at="2022-01-25T13:46:32 GMT" name="Default suite" finished-at="2022-01-25T13:46:36 GMT" duration-ms="4716">
    <groups>
    </groups>
    <test started-at="2022-01-25T13:46:32 GMT" name="Default test" finished-at="2022-01-25T13:46:36 GMT" duration-ms="4716">
      <class name="mpack.SauceTest">
        <test-method signature="SauceLogin()[pri:0, instance:mpack.SauceTest@2cd2a21f]" started-at="2022-01-25T13:46:32 GMT" name="SauceLogin" finished-at="2022-01-25T13:46:36 GMT" duration-ms="4665" status="PASS">
          <reporter-output>
          </reporter-output>
        </test-method> <!-- SauceLogin -->
      </class> <!-- mpack.SauceTest -->
    </test> <!-- Default test -->
  </suite> <!-- Default suite -->
</testng-results>
